anansi.parsed-imports
bbdb.parsed-imports
Biobase.parsed-imports
BiobaseTurner.parsed-imports
buster.parsed-imports
ConfigFileTH.parsed-imports
criterion.parsed-imports
Eq.parsed-imports
grammar-combinators.parsed-imports
graph-utils.parsed-imports
hgom.parsed-imports
hmk.parsed-imports
hmumps.parsed-imports
indents.parsed-imports
iteratee-parsec.parsed-imports
language-dot.parsed-imports
L-seed.parsed-imports
mighttpd.parsed-imports
natural-sort.parsed-imports
nntp.parsed-imports
ParsecTools.parsed-imports
parse-dimacs.parsed-imports
pgm.parsed-imports
piki.parsed-imports
pisigma.parsed-imports
relative-date.parsed-imports
snm.parsed-imports
spoonutil.parsed-imports
time-http.parsed-imports
time-w3c.parsed-imports
uri.parsed-imports
